<?xml version="1.0" encoding="UTF-8"?>
<!-- Generated by org.testng.reporters.JUnitReportReporter -->
<testsuite hostname="DESKTOP-C8I3CTR" failures="0" tests="1" name="testCases.TC_001_AccountRegistrationTest" time="3.225" errors="0" timestamp="2023-07-19T21:34:12 TRT" skipped="0">
  <testcase classname="testCases.TC_001_AccountRegistrationTest" name="test_account_Registration" time="3.225"/>
  <system-out/>
</testsuite> <!-- testCases.TC_001_AccountRegistrationTest -->
