<?xml version="1.0" encoding="UTF-8"?>
<!-- Generated by org.testng.reporters.JUnitReportReporter -->
<testsuite hostname="DESKTOP-C8I3CTR" failures="0" tests="1" name="testCases.TC_002_LoginTest" time="0.834" errors="0" timestamp="2023-07-19T21:33:18 TRT" skipped="0">
  <testcase classname="testCases.TC_002_LoginTest" name="test_Login" time="0.834"/>
  <system-out/>
</testsuite> <!-- testCases.TC_002_LoginTest -->
